mode: set
C:\Users\vegon\Desktop\development\go\webapp-new\testLesson\main.go:8.13,11.16 2 0
C:\Users\vegon\Desktop\development\go\webapp-new\testLesson\main.go:16.2,16.34 1 0
C:\Users\vegon\Desktop\development\go\webapp-new\testLesson\main.go:11.16,14.3 2 0
C:\Users\vegon\Desktop\development\go\webapp-new\testLesson\main.go:20.44,23.12 2 1
C:\Users\vegon\Desktop\development\go\webapp-new\testLesson\main.go:26.2,27.20 2 1
C:\Users\vegon\Desktop\development\go\webapp-new\testLesson\main.go:23.12,25.3 1 1
